This is pdfTeX, Version 3.14159265-2.6-1.40.19 (TeX Live 2018) (preloaded format=pdflatex 2018.4.16)  15 JUL 2021 09:49
entering extended mode
 restricted \write18 enabled.
 file:line:error style messages enabled.
 %&-line parsing enabled.
**UWletterdefs.tex
(./UWletterdefs.tex
LaTeX2e <2018-04-01> patch level 2
Babel <3.18> and hyphenation patterns for 84 language(s) loaded.

./UWletterdefs.tex:2: LaTeX Error: \usepackage before \documentclass.

See the LaTeX manual or LaTeX Companion for explanation.
Type  H <return>  for immediate help.
 ...                                              
                                                  
l.2 \usepackage[dvinames]{
                          xcolor}
? 
./UWletterdefs.tex:2: Emergency stop.
 ...                                              
                                                  
l.2 \usepackage[dvinames]{
                          xcolor}
\usepackage may only appear in the document preamble, i.e.,
between \documentclass and \begin{document}.

 
Here is how much of TeX's memory you used:
 6 strings out of 492649
 289 string characters out of 6129622
 56691 words of memory out of 5000000
 3988 multiletter control sequences out of 15000+600000
 3640 words of font info for 14 fonts, out of 8000000 for 9000
 1141 hyphenation exceptions out of 8191
 5i,0n,5p,48b,14s stack positions out of 5000i,500n,10000p,200000b,80000s
./UWletterdefs.tex:2:  ==> Fatal error occurred, no output PDF file produced!
